content: 0 -Yes /home/robert_tien/work/pachira/dmn/Pach_DMN/data/taikang_hasIns/e0501020161109103959.wav.txt.v1-1
content: 1 -No /home/robert_tien/work/pachira/dmn/Pach_DMN/data/taikang_hasIns/E1206720161109103822.wav.txt.v1-1
content: 2 -No /home/robert_tien/work/pachira/dmn/Pach_DMN/data/taikang_hasIns/E1205620161109173404.wav.txt.v0-0
content: 3 -No /home/robert_tien/work/pachira/dmn/Pach_DMN/data/taikang_hasIns/e0704220161109174620.wav.txt
content: 4 -No /home/robert_tien/work/pachira/dmn/Pach_DMN/data/taikang_hasIns/e1402120161109173030.wav.txt
content: 5 -No /home/robert_tien/work/pachira/dmn/Pach_DMN/data/taikang_hasIns/e0909320161109144228.wav.txt
content: 6 -No /home/robert_tien/work/pachira/dmn/Pach_DMN/data/taikang_hasIns/E1009420161109115601.wav.txt
content: 7 -No /home/robert_tien/work/pachira/dmn/Pach_DMN/data/taikang_hasIns/e1104520161109162605.wav.txt.v0-0
content: 8 -Yes /home/robert_tien/work/pachira/dmn/Pach_DMN/data/taikang_hasIns/E1004220161109175358.wav.txt.v1-1
content: 9 -No /home/robert_tien/work/pachira/dmn/Pach_DMN/data/taikang_hasIns/E0304220161109182859.wav.txt.v1-2
content: 10 -No /home/robert_tien/work/pachira/dmn/Pach_DMN/data/taikang_hasIns/e0701220161109172309.wav.txt.v1-1
content: 11 -No /home/robert_tien/work/pachira/dmn/Pach_DMN/data/taikang_hasIns/E0906320161109160650.wav.txt.v1-5
content: 12 -Yes /home/robert_tien/work/pachira/dmn/Pach_DMN/data/taikang_hasIns/e1005020161109173757.wav.txt
content: 13 -No /home/robert_tien/work/pachira/dmn/Pach_DMN/data/taikang_hasIns/e1203420161109165405.wav.txt.v0-2
content: 14 -No /home/robert_tien/work/pachira/dmn/Pach_DMN/data/taikang_hasIns/E0007420161109150034.wav.txt.v0-0
content: 15 -No /home/robert_tien/work/pachira/dmn/Pach_DMN/data/taikang_hasIns/e0509020161109093055.wav.txt.v0-1
content: 16 -No /home/robert_tien/work/pachira/dmn/Pach_DMN/data/taikang_hasIns/e0701020161109144434.wav.txt.v1-3
content: 17 -No /home/robert_tien/work/pachira/dmn/Pach_DMN/data/taikang_hasIns/e0604720161109170706.wav.txt.v0-3
content: 18 -Yes /home/robert_tien/work/pachira/dmn/Pach_DMN/data/taikang_hasIns/e0800420161109172910.wav.txt
content: 19 -Yes /home/robert_tien/work/pachira/dmn/Pach_DMN/data/taikang_hasIns/e0903520161109161258.wav.txt.v0-1
content: 20 -No /home/robert_tien/work/pachira/dmn/Pach_DMN/data/taikang_hasIns/e0509020161109112730.wav.txt.v0-2
content: 21 -No /home/robert_tien/work/pachira/dmn/Pach_DMN/data/taikang_hasIns/e1401720161109103048.wav.txt.v0-4
content: 22 -No /home/robert_tien/work/pachira/dmn/Pach_DMN/data/taikang_hasIns/E0907620161109143755.wav.txt
content: 23 -Yes /home/robert_tien/work/pachira/dmn/Pach_DMN/data/taikang_hasIns/e1400520161109120250.wav.txt.v1-1
content: 24 -Yes /home/robert_tien/work/pachira/dmn/Pach_DMN/data/taikang_hasIns/E0304420161109174201.wav.txt.v0-0
content: 25 -Yes /home/robert_tien/work/pachira/dmn/Pach_DMN/data/taikang_hasIns/e0705820161109111803.wav.txt.v0-0
content: 26 -No /home/robert_tien/work/pachira/dmn/Pach_DMN/data/taikang_hasIns/e1309020161109104327.wav.txt.v0-2
content: 27 -No /home/robert_tien/work/pachira/dmn/Pach_DMN/data/taikang_hasIns/E1005520161109111523.wav.txt
content: 28 -No /home/robert_tien/work/pachira/dmn/Pach_DMN/data/taikang_hasIns/e0808720161109165758.wav.txt.v0-4
content: 29 -No /home/robert_tien/work/pachira/dmn/Pach_DMN/data/taikang_hasIns/E1002420161109141603.wav.txt.v1-1
content: 30 -No /home/robert_tien/work/pachira/dmn/Pach_DMN/data/taikang_hasIns/e0701620161109102303.wav.txt
content: 31 -No /home/robert_tien/work/pachira/dmn/Pach_DMN/data/taikang_hasIns/e0702420161109193212.wav.txt.v1-1
content: 32 -Yes /home/robert_tien/work/pachira/dmn/Pach_DMN/data/taikang_hasIns/E0106120161109171647.wav.txt.v0-0
content: 33 -No /home/robert_tien/work/pachira/dmn/Pach_DMN/data/taikang_hasIns/E0006520161109173322.wav.txt
content: 34 -No /home/robert_tien/work/pachira/dmn/Pach_DMN/data/taikang_hasIns/E0007420161109143633.wav.txt
content: 35 -No /home/robert_tien/work/pachira/dmn/Pach_DMN/data/taikang_hasIns/E0206720161109144859.wav.txt.v1-1
content: 36 -No /home/robert_tien/work/pachira/dmn/Pach_DMN/data/taikang_hasIns/E0907020161109171716.wav.txt.v1-3
content: 37 -No /home/robert_tien/work/pachira/dmn/Pach_DMN/data/taikang_hasIns/e0709220161109114358.wav.txt.v1-1
content: 38 -Yes /home/robert_tien/work/pachira/dmn/Pach_DMN/data/taikang_hasIns/e1305720161109104713.wav.txt.v1-2
content: 39 -No /home/robert_tien/work/pachira/dmn/Pach_DMN/data/taikang_hasIns/e0807520161109110135.wav.txt.v1-0
content: 40 -Yes /home/robert_tien/work/pachira/dmn/Pach_DMN/data/taikang_hasIns/e1301920161109141826.wav.txt.v1-1
content: 41 -No /home/robert_tien/work/pachira/dmn/Pach_DMN/data/taikang_hasIns/e0903620161109145327.wav.txt.v1-1
content: 42 -Yes /home/robert_tien/work/pachira/dmn/Pach_DMN/data/taikang_hasIns/E0501220161109175522.wav.txt.v0-0
content: 43 -No /home/robert_tien/work/pachira/dmn/Pach_DMN/data/taikang_hasIns/e0600420161109100530.wav.txt.v1-2
content: 44 -No /home/robert_tien/work/pachira/dmn/Pach_DMN/data/taikang_hasIns/e0501120161109113936.wav.txt.v0-1
content: 45 -No /home/robert_tien/work/pachira/dmn/Pach_DMN/data/taikang_hasIns/e0408120161109185351.wav.txt.v1-2
content: 46 -Yes /home/robert_tien/work/pachira/dmn/Pach_DMN/data/taikang_hasIns/e0807320161109164758.wav.txt.v0-0
content: 47 -Yes /home/robert_tien/work/pachira/dmn/Pach_DMN/data/taikang_hasIns/E1101220161109092645.wav.txt
content: 48 -No /home/robert_tien/work/pachira/dmn/Pach_DMN/data/taikang_hasIns/e0405220161109111611.wav.txt.v0-2
content: 49 -No /home/robert_tien/work/pachira/dmn/Pach_DMN/data/taikang_hasIns/e1403420161109114830.wav.txt.v0-3
